2026-04-09 15:04:52.2059|INFO|Program|Hichain.WebAPI starting up. 
2026-04-09 15:04:53.8072|INFO|Microsoft.AspNetCore.DataProtection.KeyManagement.XmlKeyManager|User profile is available. Using 'C:\Users\admin\AppData\Local\ASP.NET\DataProtection-Keys' as key repository and Windows DPAPI to encrypt keys at rest. 
2026-04-09 15:04:54.5740|INFO|Microsoft.Hosting.Lifetime|Now listening on: http://[::]:5903 
2026-04-09 15:04:54.7030|INFO|Microsoft.Hosting.Lifetime|Application started. Press Ctrl+C to shut down. 
2026-04-09 15:04:54.7030|INFO|Microsoft.Hosting.Lifetime|Hosting environment: Development 
2026-04-09 15:04:54.7030|INFO|Microsoft.Hosting.Lifetime|Content root path: D:\test_trae\trae3\Hichain.WebAPI 
2026-04-09 15:09:04.4221|INFO|Microsoft.AspNetCore.Hosting.Diagnostics|Request starting HTTP/1.1 POST http://localhost:5903/api/auth/login - application/json 52 
2026-04-09 15:09:04.6487|INFO|Microsoft.AspNetCore.Routing.EndpointMiddleware|Executing endpoint 'Hichain.WebAPI.Controllers.AuthController.Login (Hichain.WebAPI)' 
2026-04-09 15:09:04.7071|INFO|Microsoft.AspNetCore.Mvc.Infrastructure.ControllerActionInvoker|Route matched with {action = "Login", controller = "Auth"}. Executing controller action with signature System.Threading.Tasks.Task`1[Microsoft.AspNetCore.Mvc.ActionResult`1[Hichain.WebAPI.Controllers.AuthResponse]] Login(Hichain.WebAPI.Controllers.LoginRequest) on controller Hichain.WebAPI.Controllers.AuthController (Hichain.WebAPI). 
2026-04-09 15:09:06.4194|INFO|Microsoft.AspNetCore.Mvc.Infrastructure.ObjectResultExecutor|Executing OkObjectResult, writing value of type 'Hichain.WebAPI.Controllers.AuthResponse'. 
2026-04-09 15:09:06.4604|INFO|Microsoft.AspNetCore.Mvc.Infrastructure.ControllerActionInvoker|Executed action Hichain.WebAPI.Controllers.AuthController.Login (Hichain.WebAPI) in 1734.1451ms 
2026-04-09 15:09:06.4604|INFO|Microsoft.AspNetCore.Routing.EndpointMiddleware|Executed endpoint 'Hichain.WebAPI.Controllers.AuthController.Login (Hichain.WebAPI)' 
2026-04-09 15:09:06.4892|INFO|Microsoft.AspNetCore.Hosting.Diagnostics|Request finished HTTP/1.1 POST http://localhost:5903/api/auth/login - 200 - application/json;+charset=utf-8 2081.3570ms 
2026-04-09 15:10:09.8548|INFO|Microsoft.AspNetCore.Hosting.Diagnostics|Request starting HTTP/1.1 POST http://localhost:5903/api/auth/login - application/json 52 
2026-04-09 15:10:09.8600|INFO|Microsoft.AspNetCore.Routing.EndpointMiddleware|Executing endpoint 'Hichain.WebAPI.Controllers.AuthController.Login (Hichain.WebAPI)' 
2026-04-09 15:10:09.8600|INFO|Microsoft.AspNetCore.Mvc.Infrastructure.ControllerActionInvoker|Route matched with {action = "Login", controller = "Auth"}. Executing controller action with signature System.Threading.Tasks.Task`1[Microsoft.AspNetCore.Mvc.ActionResult`1[Hichain.WebAPI.Controllers.AuthResponse]] Login(Hichain.WebAPI.Controllers.LoginRequest) on controller Hichain.WebAPI.Controllers.AuthController (Hichain.WebAPI). 
2026-04-09 15:10:17.1757|INFO|Microsoft.AspNetCore.Mvc.Infrastructure.ObjectResultExecutor|Executing OkObjectResult, writing value of type 'Hichain.WebAPI.Controllers.AuthResponse'. 
2026-04-09 15:10:17.1757|INFO|Microsoft.AspNetCore.Mvc.Infrastructure.ControllerActionInvoker|Executed action Hichain.WebAPI.Controllers.AuthController.Login (Hichain.WebAPI) in 7306.3719ms 
2026-04-09 15:10:17.1978|INFO|Microsoft.AspNetCore.Routing.EndpointMiddleware|Executed endpoint 'Hichain.WebAPI.Controllers.AuthController.Login (Hichain.WebAPI)' 
2026-04-09 15:10:17.2094|INFO|Microsoft.AspNetCore.Hosting.Diagnostics|Request finished HTTP/1.1 POST http://localhost:5903/api/auth/login - 200 - application/json;+charset=utf-8 7357.1988ms 
2026-04-09 15:10:41.2439|INFO|Microsoft.AspNetCore.Hosting.Diagnostics|Request starting HTTP/1.1 POST http://localhost:5903/api/auth/login - application/json 52 
2026-04-09 15:10:41.2518|INFO|Microsoft.AspNetCore.Routing.EndpointMiddleware|Executing endpoint 'Hichain.WebAPI.Controllers.AuthController.Login (Hichain.WebAPI)' 
2026-04-09 15:10:41.2518|INFO|Microsoft.AspNetCore.Mvc.Infrastructure.ControllerActionInvoker|Route matched with {action = "Login", controller = "Auth"}. Executing controller action with signature System.Threading.Tasks.Task`1[Microsoft.AspNetCore.Mvc.ActionResult`1[Hichain.WebAPI.Controllers.AuthResponse]] Login(Hichain.WebAPI.Controllers.LoginRequest) on controller Hichain.WebAPI.Controllers.AuthController (Hichain.WebAPI). 
2026-04-09 15:10:44.9670|INFO|Microsoft.AspNetCore.Mvc.Infrastructure.ObjectResultExecutor|Executing OkObjectResult, writing value of type 'Hichain.WebAPI.Controllers.AuthResponse'. 
2026-04-09 15:10:44.9670|INFO|Microsoft.AspNetCore.Mvc.Infrastructure.ControllerActionInvoker|Executed action Hichain.WebAPI.Controllers.AuthController.Login (Hichain.WebAPI) in 3712.5999ms 
2026-04-09 15:10:44.9670|INFO|Microsoft.AspNetCore.Routing.EndpointMiddleware|Executed endpoint 'Hichain.WebAPI.Controllers.AuthController.Login (Hichain.WebAPI)' 
2026-04-09 15:10:44.9670|INFO|Microsoft.AspNetCore.Hosting.Diagnostics|Request finished HTTP/1.1 POST http://localhost:5903/api/auth/login - 200 - application/json;+charset=utf-8 3730.7280ms 
2026-04-09 15:10:49.2008|INFO|Microsoft.AspNetCore.Hosting.Diagnostics|Request starting HTTP/1.1 POST http://localhost:5903/api/auth/login - application/json 52 
2026-04-09 15:10:49.2008|INFO|Microsoft.AspNetCore.Routing.EndpointMiddleware|Executing endpoint 'Hichain.WebAPI.Controllers.AuthController.Login (Hichain.WebAPI)' 
2026-04-09 15:10:49.2008|INFO|Microsoft.AspNetCore.Mvc.Infrastructure.ControllerActionInvoker|Route matched with {action = "Login", controller = "Auth"}. Executing controller action with signature System.Threading.Tasks.Task`1[Microsoft.AspNetCore.Mvc.ActionResult`1[Hichain.WebAPI.Controllers.AuthResponse]] Login(Hichain.WebAPI.Controllers.LoginRequest) on controller Hichain.WebAPI.Controllers.AuthController (Hichain.WebAPI). 
