2026-04-12 21:41:41.2657|INFO|Program|Hichain.WebAPI starting up. 
2026-04-12 21:41:41.9624|INFO|Microsoft.AspNetCore.DataProtection.KeyManagement.XmlKeyManager|User profile is available. Using 'C:\Users\admin\AppData\Local\ASP.NET\DataProtection-Keys' as key repository and Windows DPAPI to encrypt keys at rest. 
2026-04-12 21:41:42.3191|INFO|Microsoft.Hosting.Lifetime|Now listening on: http://[::]:5903 
2026-04-12 21:41:42.3976|INFO|Microsoft.Hosting.Lifetime|Application started. Press Ctrl+C to shut down. 
2026-04-12 21:41:42.3976|INFO|Microsoft.Hosting.Lifetime|Hosting environment: Development 
2026-04-12 21:41:42.3976|INFO|Microsoft.Hosting.Lifetime|Content root path: D:\test_trae\trae3\Hichain.WebAPI 
2026-04-12 21:42:05.9010|INFO|Microsoft.AspNetCore.Hosting.Diagnostics|Request starting HTTP/1.1 POST http://localhost:5903/api/user/Create - application/json 271 
2026-04-12 21:42:06.1174|INFO|Microsoft.AspNetCore.Authentication.JwtBearer.JwtBearerHandler|Failed to validate the token. Microsoft.IdentityModel.Tokens.SecurityTokenExpiredException: IDX10223: Lifetime validation failed. The token is expired. ValidTo (UTC): '2026/4/7 9:38:00', Current time (UTC): '2026/4/12 13:42:06'.
   at Microsoft.IdentityModel.Tokens.Validators.ValidateLifetime(Nullable`1 notBefore, Nullable`1 expires, SecurityToken securityToken, TokenValidationParameters validationParameters)
   at Microsoft.IdentityModel.JsonWebTokens.JsonWebTokenHandler.ValidateTokenPayloadAsync(JsonWebToken jsonWebToken, TokenValidationParameters validationParameters, BaseConfiguration configuration)
   at Microsoft.IdentityModel.JsonWebTokens.JsonWebTokenHandler.ValidateJWSAsync(JsonWebToken jsonWebToken, TokenValidationParameters validationParameters, BaseConfiguration configuration)
2026-04-12 21:42:06.1540|INFO|Microsoft.AspNetCore.Authentication.JwtBearer.JwtBearerHandler|Bearer was not authenticated. Failure message: IDX10223: Lifetime validation failed. The token is expired. ValidTo (UTC): '2026/4/7 9:38:00', Current time (UTC): '2026/4/12 13:42:06'. 
2026-04-12 21:42:06.1731|INFO|Microsoft.AspNetCore.Hosting.Diagnostics|Request finished HTTP/1.1 POST http://localhost:5903/api/user/Create - 404 0 - 277.9295ms 
2026-04-12 21:42:06.1731|INFO|Microsoft.AspNetCore.Hosting.Diagnostics|Request reached the end of the middleware pipeline without being handled by application code. Request path: POST http://localhost:5903/api/user/Create, Response status code: 404 
2026-04-12 21:43:37.1297|INFO|Microsoft.AspNetCore.Hosting.Diagnostics|Request starting HTTP/1.1 GET http://localhost:5903/swagger/index.html - - - 
2026-04-12 21:43:37.8815|INFO|Microsoft.AspNetCore.Hosting.Diagnostics|Request finished HTTP/1.1 GET http://localhost:5903/swagger/index.html - 200 - text/html;charset=utf-8 752.0364ms 
2026-04-12 21:43:37.9266|INFO|Microsoft.AspNetCore.Hosting.Diagnostics|Request starting HTTP/1.1 GET http://localhost:5903/swagger/swagger-ui.css - - - 
2026-04-12 21:43:37.9289|INFO|Microsoft.AspNetCore.Hosting.Diagnostics|Request starting HTTP/1.1 GET http://localhost:5903/swagger/swagger-ui-standalone-preset.js - - - 
2026-04-12 21:43:37.9289|INFO|Microsoft.AspNetCore.Hosting.Diagnostics|Request starting HTTP/1.1 GET http://localhost:5903/_framework/aspnetcore-browser-refresh.js - - - 
2026-04-12 21:43:37.9608|INFO|Microsoft.AspNetCore.Hosting.Diagnostics|Request finished HTTP/1.1 GET http://localhost:5903/_framework/aspnetcore-browser-refresh.js - 200 14933 application/javascript;+charset=utf-8 31.9259ms 
2026-04-12 21:43:37.9608|INFO|Microsoft.AspNetCore.Hosting.Diagnostics|Request starting HTTP/1.1 GET http://localhost:5903/swagger/swagger-ui-bundle.js - - - 
2026-04-12 21:43:38.0472|INFO|Microsoft.AspNetCore.StaticFiles.StaticFileMiddleware|Sending file. Request path: '/swagger-ui-standalone-preset.js'. Physical path: 'N/A' 
2026-04-12 21:43:38.0472|INFO|Microsoft.AspNetCore.StaticFiles.StaticFileMiddleware|Sending file. Request path: '/swagger-ui.css'. Physical path: 'N/A' 
2026-04-12 21:43:38.0584|INFO|Microsoft.AspNetCore.Hosting.Diagnostics|Request finished HTTP/1.1 GET http://localhost:5903/swagger/swagger-ui-standalone-preset.js - 200 230280 text/javascript 129.4493ms 
2026-04-12 21:43:38.0584|INFO|Microsoft.AspNetCore.Hosting.Diagnostics|Request finished HTTP/1.1 GET http://localhost:5903/swagger/swagger-ui.css - 200 152034 text/css 131.7427ms 
2026-04-12 21:43:38.0722|INFO|Microsoft.AspNetCore.Hosting.Diagnostics|Request starting HTTP/1.1 GET http://localhost:5903/_vs/browserLink - - - 
2026-04-12 21:43:38.1166|INFO|Microsoft.AspNetCore.StaticFiles.StaticFileMiddleware|Sending file. Request path: '/swagger-ui-bundle.js'. Physical path: 'N/A' 
2026-04-12 21:43:38.1166|INFO|Microsoft.AspNetCore.Hosting.Diagnostics|Request finished HTTP/1.1 GET http://localhost:5903/swagger/swagger-ui-bundle.js - 200 1456926 text/javascript 157.6437ms 
2026-04-12 21:43:38.2015|INFO|Microsoft.AspNetCore.Hosting.Diagnostics|Request finished HTTP/1.1 GET http://localhost:5903/_vs/browserLink - 200 - text/javascript;+charset=UTF-8 129.3344ms 
2026-04-12 21:43:38.4123|INFO|Microsoft.AspNetCore.Hosting.Diagnostics|Request starting HTTP/1.1 GET http://localhost:5903/swagger/v1/swagger.json - - - 
2026-04-12 21:43:38.4633|INFO|Microsoft.AspNetCore.Hosting.Diagnostics|Request finished HTTP/1.1 GET http://localhost:5903/swagger/v1/swagger.json - 200 - application/json;charset=utf-8 50.9860ms 
2026-04-12 21:44:35.2859|INFO|Microsoft.AspNetCore.Hosting.Diagnostics|Request starting HTTP/1.1 POST http://localhost:5903/api/Users/Create - application/json 271 
2026-04-12 21:44:35.2923|INFO|Microsoft.AspNetCore.Authentication.JwtBearer.JwtBearerHandler|Failed to validate the token. Microsoft.IdentityModel.Tokens.SecurityTokenExpiredException: IDX10223: Lifetime validation failed. The token is expired. ValidTo (UTC): '2026/4/7 9:38:00', Current time (UTC): '2026/4/12 13:44:35'.
   at Microsoft.IdentityModel.Tokens.Validators.ValidateLifetime(Nullable`1 notBefore, Nullable`1 expires, SecurityToken securityToken, TokenValidationParameters validationParameters)
   at Microsoft.IdentityModel.JsonWebTokens.JsonWebTokenHandler.ValidateTokenPayloadAsync(JsonWebToken jsonWebToken, TokenValidationParameters validationParameters, BaseConfiguration configuration)
   at Microsoft.IdentityModel.JsonWebTokens.JsonWebTokenHandler.ValidateJWSAsync(JsonWebToken jsonWebToken, TokenValidationParameters validationParameters, BaseConfiguration configuration)
2026-04-12 21:44:35.2923|INFO|Microsoft.AspNetCore.Authentication.JwtBearer.JwtBearerHandler|Bearer was not authenticated. Failure message: IDX10223: Lifetime validation failed. The token is expired. ValidTo (UTC): '2026/4/7 9:38:00', Current time (UTC): '2026/4/12 13:44:35'. 
2026-04-12 21:44:35.2923|INFO|Microsoft.AspNetCore.Routing.EndpointMiddleware|Executing endpoint '405 HTTP Method Not Supported' 
2026-04-12 21:44:35.2923|INFO|Microsoft.AspNetCore.Routing.EndpointMiddleware|Executed endpoint '405 HTTP Method Not Supported' 
2026-04-12 21:44:35.2923|INFO|Microsoft.AspNetCore.Hosting.Diagnostics|Request finished HTTP/1.1 POST http://localhost:5903/api/Users/Create - 405 0 - 16.7630ms 
2026-04-12 21:45:28.2328|INFO|Microsoft.AspNetCore.Hosting.Diagnostics|Request starting HTTP/1.1 POST http://localhost:5903/api/auth/login - application/json 54 
2026-04-12 21:45:28.2328|INFO|Microsoft.AspNetCore.Routing.EndpointMiddleware|Executing endpoint 'Hichain.WebAPI.Controllers.AuthController.Login (Hichain.WebAPI)' 
2026-04-12 21:45:28.2665|INFO|Microsoft.AspNetCore.Mvc.Infrastructure.ControllerActionInvoker|Route matched with {action = "Login", controller = "Auth"}. Executing controller action with signature System.Threading.Tasks.Task`1[Microsoft.AspNetCore.Mvc.ActionResult`1[Hichain.WebAPI.Controllers.AuthResponse]] Login(Hichain.WebAPI.Controllers.LoginRequest) on controller Hichain.WebAPI.Controllers.AuthController (Hichain.WebAPI). 
2026-04-12 21:45:29.3620|INFO|Microsoft.AspNetCore.Mvc.Infrastructure.ObjectResultExecutor|Executing OkObjectResult, writing value of type 'Hichain.WebAPI.Controllers.AuthResponse'. 
2026-04-12 21:45:29.3716|INFO|Microsoft.AspNetCore.Mvc.Infrastructure.ControllerActionInvoker|Executed action Hichain.WebAPI.Controllers.AuthController.Login (Hichain.WebAPI) in 1098.5839ms 
2026-04-12 21:45:29.3716|INFO|Microsoft.AspNetCore.Routing.EndpointMiddleware|Executed endpoint 'Hichain.WebAPI.Controllers.AuthController.Login (Hichain.WebAPI)' 
2026-04-12 21:45:29.3716|INFO|Microsoft.AspNetCore.Hosting.Diagnostics|Request finished HTTP/1.1 POST http://localhost:5903/api/auth/login - 200 - application/json;+charset=utf-8 1146.3150ms 
2026-04-12 21:45:56.8237|INFO|Microsoft.AspNetCore.Hosting.Diagnostics|Request starting HTTP/1.1 POST http://localhost:5903/api/Users/Create - application/json 271 
2026-04-12 21:45:56.8390|INFO|Microsoft.AspNetCore.Routing.EndpointMiddleware|Executing endpoint '405 HTTP Method Not Supported' 
2026-04-12 21:45:56.8390|INFO|Microsoft.AspNetCore.Routing.EndpointMiddleware|Executed endpoint '405 HTTP Method Not Supported' 
2026-04-12 21:45:56.8390|INFO|Microsoft.AspNetCore.Hosting.Diagnostics|Request finished HTTP/1.1 POST http://localhost:5903/api/Users/Create - 405 0 - 16.2466ms 
2026-04-12 21:46:02.9730|INFO|Microsoft.AspNetCore.Hosting.Diagnostics|Request starting HTTP/1.1 POST http://localhost:5903/api/Users/Create - application/json 271 
2026-04-12 21:46:02.9739|INFO|Microsoft.AspNetCore.Routing.EndpointMiddleware|Executing endpoint '405 HTTP Method Not Supported' 
2026-04-12 21:46:02.9739|INFO|Microsoft.AspNetCore.Routing.EndpointMiddleware|Executed endpoint '405 HTTP Method Not Supported' 
2026-04-12 21:46:02.9739|INFO|Microsoft.AspNetCore.Hosting.Diagnostics|Request finished HTTP/1.1 POST http://localhost:5903/api/Users/Create - 405 0 - 1.9504ms 
