2026-04-05 21:19:27.2023|INFO|Program|Hichain.WebAPI starting up. 
2026-04-05 21:19:27.7142|DEBUG|Microsoft.AspNetCore.Mvc.ModelBinding.ModelBinderFactory|Registered model binder providers, in the following order: Microsoft.AspNetCore.Mvc.ModelBinding.Binders.BinderTypeModelBinderProvider, Microsoft.AspNetCore.Mvc.ModelBinding.Binders.ServicesModelBinderProvider, Microsoft.AspNetCore.Mvc.ModelBinding.Binders.BodyModelBinderProvider, Microsoft.AspNetCore.Mvc.ModelBinding.Binders.HeaderModelBinderProvider, Microsoft.AspNetCore.Mvc.ModelBinding.Binders.FloatingPointTypeModelBinderProvider, Microsoft.AspNetCore.Mvc.ModelBinding.Binders.EnumTypeModelBinderProvider, Microsoft.AspNetCore.Mvc.ModelBinding.Binders.DateTimeModelBinderProvider, Microsoft.AspNetCore.Mvc.ModelBinding.Binders.SimpleTypeModelBinderProvider, Microsoft.AspNetCore.Mvc.ModelBinding.Binders.TryParseModelBinderProvider, Microsoft.AspNetCore.Mvc.ModelBinding.Binders.CancellationTokenModelBinderProvider, Microsoft.AspNetCore.Mvc.ModelBinding.Binders.ByteArrayModelBinderProvider, Microsoft.AspNetCore.Mvc.ModelBinding.Binders.FormFileModelBinderProvider, Microsoft.AspNetCore.Mvc.ModelBinding.Binders.FormCollectionModelBinderProvider, Microsoft.AspNetCore.Mvc.ModelBinding.Binders.KeyValuePairModelBinderProvider, Microsoft.AspNetCore.Mvc.ModelBinding.Binders.DictionaryModelBinderProvider, Microsoft.AspNetCore.Mvc.ModelBinding.Binders.ArrayModelBinderProvider, Microsoft.AspNetCore.Mvc.ModelBinding.Binders.CollectionModelBinderProvider, Microsoft.AspNetCore.Mvc.ModelBinding.Binders.ComplexObjectModelBinderProvider 
2026-04-05 21:19:27.9652|DEBUG|Microsoft.Extensions.Hosting.Internal.Host|Hosting starting 
2026-04-05 21:19:28.1821|INFO|Microsoft.AspNetCore.DataProtection.KeyManagement.XmlKeyManager|User profile is available. Using 'C:\Users\admin\AppData\Local\ASP.NET\DataProtection-Keys' as key repository and Windows DPAPI to encrypt keys at rest. 
2026-04-05 21:19:28.2556|DEBUG|Microsoft.AspNetCore.DataProtection.Repositories.FileSystemXmlRepository|Reading data from file 'C:\Users\admin\AppData\Local\ASP.NET\DataProtection-Keys\key-0e6a789e-e91b-4172-94a6-c874906e31ac.xml'. 
2026-04-05 21:19:28.2556|DEBUG|Microsoft.AspNetCore.DataProtection.Repositories.FileSystemXmlRepository|Reading data from file 'C:\Users\admin\AppData\Local\ASP.NET\DataProtection-Keys\key-50698672-375f-4d49-83ee-a07b4832b328.xml'. 
2026-04-05 21:19:28.2556|DEBUG|Microsoft.AspNetCore.DataProtection.Repositories.FileSystemXmlRepository|Reading data from file 'C:\Users\admin\AppData\Local\ASP.NET\DataProtection-Keys\key-512df795-6613-4fd1-b529-9af942b4c2b9.xml'. 
2026-04-05 21:19:28.2649|DEBUG|Microsoft.AspNetCore.DataProtection.Repositories.FileSystemXmlRepository|Reading data from file 'C:\Users\admin\AppData\Local\ASP.NET\DataProtection-Keys\key-cc83685f-0718-426c-abb0-9fcadfd36d76.xml'. 
2026-04-05 21:19:28.2649|DEBUG|Microsoft.AspNetCore.DataProtection.Repositories.FileSystemXmlRepository|Reading data from file 'C:\Users\admin\AppData\Local\ASP.NET\DataProtection-Keys\key-d8af6ce1-0e99-4426-9906-074c5185afcf.xml'. 
2026-04-05 21:19:28.2649|DEBUG|Microsoft.AspNetCore.DataProtection.Repositories.FileSystemXmlRepository|Reading data from file 'C:\Users\admin\AppData\Local\ASP.NET\DataProtection-Keys\key-f921e542-9cb7-40d4-97e6-2eb3795d7075.xml'. 
2026-04-05 21:19:28.2824|DEBUG|Microsoft.AspNetCore.DataProtection.KeyManagement.XmlKeyManager|Found key {0e6a789e-e91b-4172-94a6-c874906e31ac}. 
2026-04-05 21:19:28.2824|DEBUG|Microsoft.AspNetCore.DataProtection.KeyManagement.XmlKeyManager|Found key {50698672-375f-4d49-83ee-a07b4832b328}. 
2026-04-05 21:19:28.2951|DEBUG|Microsoft.AspNetCore.DataProtection.KeyManagement.XmlKeyManager|Found key {512df795-6613-4fd1-b529-9af942b4c2b9}. 
2026-04-05 21:19:28.2951|DEBUG|Microsoft.AspNetCore.DataProtection.KeyManagement.XmlKeyManager|Found key {cc83685f-0718-426c-abb0-9fcadfd36d76}. 
2026-04-05 21:19:28.2951|DEBUG|Microsoft.AspNetCore.DataProtection.KeyManagement.XmlKeyManager|Found key {d8af6ce1-0e99-4426-9906-074c5185afcf}. 
2026-04-05 21:19:28.2951|DEBUG|Microsoft.AspNetCore.DataProtection.KeyManagement.XmlKeyManager|Found key {f921e542-9cb7-40d4-97e6-2eb3795d7075}. 
2026-04-05 21:19:28.3158|DEBUG|Microsoft.AspNetCore.DataProtection.KeyManagement.DefaultKeyResolver|Considering key {50698672-375f-4d49-83ee-a07b4832b328} with expiration date 2026-06-27 12:31:36Z as default key. 
2026-04-05 21:19:28.3158|DEBUG|Microsoft.AspNetCore.DataProtection.TypeForwardingActivator|Forwarded activator type request from Microsoft.AspNetCore.DataProtection.XmlEncryption.DpapiXmlDecryptor, Microsoft.AspNetCore.DataProtection, Version=8.0.0.0, Culture=neutral, PublicKeyToken=adb9793829ddae60 to Microsoft.AspNetCore.DataProtection.XmlEncryption.DpapiXmlDecryptor, Microsoft.AspNetCore.DataProtection, Culture=neutral, PublicKeyToken=adb9793829ddae60 
2026-04-05 21:19:28.3420|DEBUG|Microsoft.AspNetCore.DataProtection.XmlEncryption.DpapiXmlDecryptor|Decrypting secret element using Windows DPAPI. 
2026-04-05 21:19:28.3420|DEBUG|Microsoft.AspNetCore.DataProtection.TypeForwardingActivator|Forwarded activator type request from Microsoft.AspNetCore.DataProtection.AuthenticatedEncryption.ConfigurationModel.AuthenticatedEncryptorDescriptorDeserializer, Microsoft.AspNetCore.DataProtection, Version=8.0.0.0, Culture=neutral, PublicKeyToken=adb9793829ddae60 to Microsoft.AspNetCore.DataProtection.AuthenticatedEncryption.ConfigurationModel.AuthenticatedEncryptorDescriptorDeserializer, Microsoft.AspNetCore.DataProtection, Culture=neutral, PublicKeyToken=adb9793829ddae60 
2026-04-05 21:19:28.3608|DEBUG|Microsoft.AspNetCore.DataProtection.AuthenticatedEncryption.CngCbcAuthenticatedEncryptorFactory|Opening CNG algorithm 'AES' from provider '(null)' with chaining mode CBC. 
2026-04-05 21:19:28.3608|DEBUG|Microsoft.AspNetCore.DataProtection.AuthenticatedEncryption.CngCbcAuthenticatedEncryptorFactory|Opening CNG algorithm 'SHA256' from provider '(null)' with HMAC. 
2026-04-05 21:19:28.3608|DEBUG|Microsoft.AspNetCore.DataProtection.KeyManagement.KeyRingProvider|Using key {50698672-375f-4d49-83ee-a07b4832b328} as the default key. 
2026-04-05 21:19:28.3608|DEBUG|Microsoft.AspNetCore.DataProtection.Internal.DataProtectionHostedService|Key ring with default key {50698672-375f-4d49-83ee-a07b4832b328} was loaded during application startup. 
2026-04-05 21:19:28.3906|DEBUG|Microsoft.AspNetCore.Watch.BrowserRefresh.BlazorWasmHotReloadMiddleware|Middleware loaded 
2026-04-05 21:19:28.4210|DEBUG|Microsoft.AspNetCore.Watch.BrowserRefresh.BrowserScriptMiddleware|Middleware loaded. Script /_framework/aspnetcore-browser-refresh.js (14933 B). 
2026-04-05 21:19:28.4210|DEBUG|Microsoft.AspNetCore.Watch.BrowserRefresh.BrowserScriptMiddleware|Middleware loaded. Script /_framework/blazor-hotreload.js (799 B). 
2026-04-05 21:19:28.9683|DEBUG|Microsoft.AspNetCore.Watch.BrowserRefresh.BrowserRefreshMiddleware|Middleware loaded: DOTNET_MODIFIABLE_ASSEMBLIES=debug, __ASPNETCORE_BROWSER_TOOLS=true 
2026-04-05 21:19:29.1510|INFO|Microsoft.Hosting.Lifetime|Now listening on: http://[::]:5903 
2026-04-05 21:19:29.1510|DEBUG|Microsoft.AspNetCore.Hosting.Diagnostics|Loaded hosting startup assembly Hichain.WebAPI 
2026-04-05 21:19:29.1510|DEBUG|Microsoft.AspNetCore.Hosting.Diagnostics|Loaded hosting startup assembly Microsoft.AspNetCore.Watch.BrowserRefresh 
2026-04-05 21:19:29.1510|DEBUG|Microsoft.AspNetCore.Hosting.Diagnostics|Loaded hosting startup assembly Microsoft.WebTools.ApiEndpointDiscovery 
2026-04-05 21:19:29.1550|DEBUG|Microsoft.AspNetCore.Hosting.Diagnostics|Loaded hosting startup assembly Microsoft.WebTools.BrowserLink.Net 
2026-04-05 21:19:29.2769|INFO|Microsoft.Hosting.Lifetime|Application started. Press Ctrl+C to shut down. 
2026-04-05 21:19:29.2769|INFO|Microsoft.Hosting.Lifetime|Hosting environment: Development 
2026-04-05 21:19:29.2796|INFO|Microsoft.Hosting.Lifetime|Content root path: D:\test_trae\trae3\Hichain.WebAPI 
2026-04-05 21:19:29.2796|DEBUG|Microsoft.Extensions.Hosting.Internal.Host|Hosting started 
