2026-04-14 14:14:51.4014|INFO|Program|Hichain.WebAPI starting up. 
2026-04-14 14:14:52.1850|INFO|Microsoft.AspNetCore.DataProtection.KeyManagement.XmlKeyManager|User profile is available. Using 'C:\Users\admin\AppData\Local\ASP.NET\DataProtection-Keys' as key repository and Windows DPAPI to encrypt keys at rest. 
2026-04-14 14:14:52.8804|INFO|Microsoft.Hosting.Lifetime|Now listening on: http://[::]:5903 
2026-04-14 14:14:53.0185|INFO|Microsoft.Hosting.Lifetime|Application started. Press Ctrl+C to shut down. 
2026-04-14 14:14:53.0185|INFO|Microsoft.Hosting.Lifetime|Hosting environment: Development 
2026-04-14 14:14:53.0185|INFO|Microsoft.Hosting.Lifetime|Content root path: D:\test_trae\trae3\Hichain.WebAPI 
2026-04-14 14:18:05.8901|INFO|Microsoft.AspNetCore.Hosting.Diagnostics|Request starting HTTP/1.1 POST http://localhost:5903/api/auth/login - application/json 54 
2026-04-14 14:18:06.0256|INFO|Microsoft.AspNetCore.Routing.EndpointMiddleware|Executing endpoint 'Hichain.WebAPI.Controllers.AuthController.Login (Hichain.WebAPI)' 
2026-04-14 14:18:06.0578|INFO|Microsoft.AspNetCore.Mvc.Infrastructure.ControllerActionInvoker|Route matched with {action = "Login", controller = "Auth"}. Executing controller action with signature System.Threading.Tasks.Task`1[Microsoft.AspNetCore.Mvc.ActionResult`1[Hichain.WebAPI.Controllers.AuthResponse]] Login(Hichain.WebAPI.Controllers.LoginRequest) on controller Hichain.WebAPI.Controllers.AuthController (Hichain.WebAPI). 
2026-04-14 14:18:07.0027|INFO|Microsoft.AspNetCore.Mvc.Infrastructure.ObjectResultExecutor|Executing OkObjectResult, writing value of type 'Hichain.WebAPI.Controllers.AuthResponse'. 
2026-04-14 14:18:07.0141|INFO|Microsoft.AspNetCore.Mvc.Infrastructure.ControllerActionInvoker|Executed action Hichain.WebAPI.Controllers.AuthController.Login (Hichain.WebAPI) in 950.7081ms 
2026-04-14 14:18:07.0141|INFO|Microsoft.AspNetCore.Routing.EndpointMiddleware|Executed endpoint 'Hichain.WebAPI.Controllers.AuthController.Login (Hichain.WebAPI)' 
2026-04-14 14:18:07.0141|INFO|Microsoft.AspNetCore.Hosting.Diagnostics|Request finished HTTP/1.1 POST http://localhost:5903/api/auth/login - 200 - application/json;+charset=utf-8 1140.2991ms 
2026-04-14 14:18:53.7886|INFO|Microsoft.AspNetCore.Hosting.Diagnostics|Request starting HTTP/1.1 POST http://localhost:5903/api/Users/Create - application/json 271 
2026-04-14 14:18:53.8607|INFO|Microsoft.AspNetCore.Routing.EndpointMiddleware|Executing endpoint '405 HTTP Method Not Supported' 
2026-04-14 14:18:53.8607|INFO|Microsoft.AspNetCore.Routing.EndpointMiddleware|Executed endpoint '405 HTTP Method Not Supported' 
2026-04-14 14:18:53.8607|INFO|Microsoft.AspNetCore.Hosting.Diagnostics|Request finished HTTP/1.1 POST http://localhost:5903/api/Users/Create - 405 0 - 74.1298ms 
2026-04-14 14:19:34.2464|INFO|Microsoft.AspNetCore.Hosting.Diagnostics|Request starting HTTP/1.1 GET http://localhost:5903/swagger/index.html - - - 
2026-04-14 14:19:34.6320|INFO|Microsoft.AspNetCore.Hosting.Diagnostics|Request finished HTTP/1.1 GET http://localhost:5903/swagger/index.html - 200 - text/html;charset=utf-8 385.6412ms 
2026-04-14 14:19:34.6567|INFO|Microsoft.AspNetCore.Hosting.Diagnostics|Request starting HTTP/1.1 GET http://localhost:5903/swagger/swagger-ui.css - - - 
2026-04-14 14:19:34.6798|INFO|Microsoft.AspNetCore.Hosting.Diagnostics|Request starting HTTP/1.1 GET http://localhost:5903/_framework/aspnetcore-browser-refresh.js - - - 
2026-04-14 14:19:34.6798|INFO|Microsoft.AspNetCore.Hosting.Diagnostics|Request starting HTTP/1.1 GET http://localhost:5903/swagger/swagger-ui-standalone-preset.js - - - 
2026-04-14 14:19:34.6864|INFO|Microsoft.AspNetCore.Hosting.Diagnostics|Request starting HTTP/1.1 GET http://localhost:5903/swagger/swagger-ui-bundle.js - - - 
2026-04-14 14:19:34.6864|INFO|Microsoft.AspNetCore.Hosting.Diagnostics|Request finished HTTP/1.1 GET http://localhost:5903/_framework/aspnetcore-browser-refresh.js - 200 14932 application/javascript;+charset=utf-8 14.0623ms 
2026-04-14 14:19:34.7137|INFO|Microsoft.AspNetCore.Hosting.Diagnostics|Request starting HTTP/1.1 GET http://localhost:5903/_vs/browserLink - - - 
2026-04-14 14:19:34.7639|INFO|Microsoft.AspNetCore.StaticFiles.StaticFileMiddleware|Sending file. Request path: '/swagger-ui-standalone-preset.js'. Physical path: 'N/A' 
2026-04-14 14:19:34.7639|INFO|Microsoft.AspNetCore.Hosting.Diagnostics|Request finished HTTP/1.1 GET http://localhost:5903/swagger/swagger-ui-standalone-preset.js - 200 230280 text/javascript 88.6407ms 
2026-04-14 14:19:34.7639|INFO|Microsoft.AspNetCore.StaticFiles.StaticFileMiddleware|Sending file. Request path: '/swagger-ui.css'. Physical path: 'N/A' 
2026-04-14 14:19:34.7639|INFO|Microsoft.AspNetCore.Hosting.Diagnostics|Request finished HTTP/1.1 GET http://localhost:5903/swagger/swagger-ui.css - 200 152034 text/css 120.9585ms 
2026-04-14 14:19:34.8243|INFO|Microsoft.AspNetCore.StaticFiles.StaticFileMiddleware|Sending file. Request path: '/swagger-ui-bundle.js'. Physical path: 'N/A' 
2026-04-14 14:19:34.8253|INFO|Microsoft.AspNetCore.Hosting.Diagnostics|Request finished HTTP/1.1 GET http://localhost:5903/swagger/swagger-ui-bundle.js - 200 1456926 text/javascript 139.0720ms 
2026-04-14 14:19:34.9155|INFO|Microsoft.AspNetCore.Hosting.Diagnostics|Request finished HTTP/1.1 GET http://localhost:5903/_vs/browserLink - 200 - text/javascript;+charset=UTF-8 201.8531ms 
2026-04-14 14:19:35.1256|INFO|Microsoft.AspNetCore.Hosting.Diagnostics|Request starting HTTP/1.1 GET http://localhost:5903/swagger/v1/swagger.json - - - 
2026-04-14 14:19:35.1256|INFO|Microsoft.AspNetCore.Hosting.Diagnostics|Request starting HTTP/1.1 GET http://localhost:5903/swagger/favicon-32x32.png - - - 
2026-04-14 14:19:35.1507|INFO|Microsoft.AspNetCore.StaticFiles.StaticFileMiddleware|Sending file. Request path: '/favicon-32x32.png'. Physical path: 'N/A' 
2026-04-14 14:19:35.1625|INFO|Microsoft.AspNetCore.Hosting.Diagnostics|Request finished HTTP/1.1 GET http://localhost:5903/swagger/favicon-32x32.png - 200 628 image/png 29.1414ms 
2026-04-14 14:19:35.1823|INFO|Microsoft.AspNetCore.Hosting.Diagnostics|Request finished HTTP/1.1 GET http://localhost:5903/swagger/v1/swagger.json - 200 - application/json;charset=utf-8 56.7974ms 
2026-04-14 14:26:21.2648|INFO|Program|Hichain.WebAPI starting up. 
2026-04-14 14:26:21.5055|INFO|Microsoft.AspNetCore.DataProtection.KeyManagement.XmlKeyManager|User profile is available. Using 'C:\Users\admin\AppData\Local\ASP.NET\DataProtection-Keys' as key repository and Windows DPAPI to encrypt keys at rest. 
2026-04-14 14:26:21.7252|INFO|Microsoft.Hosting.Lifetime|Now listening on: http://[::]:5903 
2026-04-14 14:26:21.7812|INFO|Microsoft.Hosting.Lifetime|Application started. Press Ctrl+C to shut down. 
2026-04-14 14:26:21.7812|INFO|Microsoft.Hosting.Lifetime|Hosting environment: Development 
2026-04-14 14:26:21.7812|INFO|Microsoft.Hosting.Lifetime|Content root path: D:\test_trae\trae3\Hichain.WebAPI 
2026-04-14 14:26:46.6404|INFO|Microsoft.AspNetCore.Hosting.Diagnostics|Request starting HTTP/1.1 POST http://localhost:5903/api/Users/Create - application/json 271 
2026-04-14 14:26:46.8054|INFO|Microsoft.AspNetCore.Routing.EndpointMiddleware|Executing endpoint 'Hichain.WebAPI.Controllers.UsersController.Create (Hichain.WebAPI)' 
2026-04-14 14:26:46.8243|INFO|Microsoft.AspNetCore.Mvc.Infrastructure.ControllerActionInvoker|Route matched with {action = "Create", controller = "Users"}. Executing controller action with signature System.Threading.Tasks.Task`1[Microsoft.AspNetCore.Mvc.ActionResult`1[Hichain.Entity.Entities.User]] Create(Hichain.Entity.Entities.User) on controller Hichain.WebAPI.Controllers.UsersController (Hichain.WebAPI). 
2026-04-14 14:26:49.9133|INFO|Microsoft.AspNetCore.Mvc.Infrastructure.ObjectResultExecutor|Executing BadRequestObjectResult, writing value of type 'Microsoft.AspNetCore.Mvc.ValidationProblemDetails'. 
2026-04-14 14:26:49.9452|INFO|Microsoft.AspNetCore.Mvc.Infrastructure.ControllerActionInvoker|Executed action Hichain.WebAPI.Controllers.UsersController.Create (Hichain.WebAPI) in 3113.2258ms 
2026-04-14 14:26:49.9452|INFO|Microsoft.AspNetCore.Routing.EndpointMiddleware|Executed endpoint 'Hichain.WebAPI.Controllers.UsersController.Create (Hichain.WebAPI)' 
2026-04-14 14:26:49.9497|INFO|Microsoft.AspNetCore.Hosting.Diagnostics|Request finished HTTP/1.1 POST http://localhost:5903/api/Users/Create - 400 - application/problem+json;+charset=utf-8 3315.2747ms 
2026-04-14 14:27:16.3352|INFO|Microsoft.AspNetCore.Hosting.Diagnostics|Request starting HTTP/1.1 POST http://localhost:5903/api/Users/Create - application/json 264 
2026-04-14 14:27:16.3937|INFO|Microsoft.AspNetCore.Routing.EndpointMiddleware|Executing endpoint 'Hichain.WebAPI.Controllers.UsersController.Create (Hichain.WebAPI)' 
2026-04-14 14:27:16.3937|INFO|Microsoft.AspNetCore.Mvc.Infrastructure.ControllerActionInvoker|Route matched with {action = "Create", controller = "Users"}. Executing controller action with signature System.Threading.Tasks.Task`1[Microsoft.AspNetCore.Mvc.ActionResult`1[Hichain.Entity.Entities.User]] Create(Hichain.Entity.Entities.User) on controller Hichain.WebAPI.Controllers.UsersController (Hichain.WebAPI). 
2026-04-14 14:27:20.8592|INFO|Microsoft.AspNetCore.Mvc.Infrastructure.ObjectResultExecutor|Executing CreatedAtActionResult, writing value of type 'Hichain.Entity.Entities.User'. 
2026-04-14 14:27:20.8827|INFO|Microsoft.AspNetCore.Mvc.Infrastructure.ControllerActionInvoker|Executed action Hichain.WebAPI.Controllers.UsersController.Create (Hichain.WebAPI) in 4487.7492ms 
2026-04-14 14:27:20.8827|INFO|Microsoft.AspNetCore.Routing.EndpointMiddleware|Executed endpoint 'Hichain.WebAPI.Controllers.UsersController.Create (Hichain.WebAPI)' 
2026-04-14 14:27:20.8827|INFO|Microsoft.AspNetCore.Hosting.Diagnostics|Request finished HTTP/1.1 POST http://localhost:5903/api/Users/Create - 201 - application/json;+charset=utf-8 4552.5479ms 
