2026-04-15 10:29:56.6146|INFO|Program|Hichain.WebAPI starting up. 
2026-04-15 10:29:56.8807|INFO|Microsoft.AspNetCore.DataProtection.KeyManagement.XmlKeyManager|User profile is available. Using 'C:\Users\admin\AppData\Local\ASP.NET\DataProtection-Keys' as key repository and Windows DPAPI to encrypt keys at rest. 
2026-04-15 10:29:57.2824|INFO|Microsoft.Hosting.Lifetime|Now listening on: http://[::]:5903 
2026-04-15 10:29:57.3417|INFO|Microsoft.Hosting.Lifetime|Application started. Press Ctrl+C to shut down. 
2026-04-15 10:29:57.3417|INFO|Microsoft.Hosting.Lifetime|Hosting environment: Development 
2026-04-15 10:29:57.3417|INFO|Microsoft.Hosting.Lifetime|Content root path: D:\test_trae\trae3\Hichain.WebAPI 
2026-04-15 10:29:58.9221|INFO|Microsoft.AspNetCore.Hosting.Diagnostics|Request starting HTTP/1.1 POST http://localhost:5903/api/auth/login - application/json 54 
2026-04-15 10:29:59.0363|INFO|Microsoft.AspNetCore.Routing.EndpointMiddleware|Executing endpoint 'Hichain.WebAPI.Controllers.AuthController.Login (Hichain.WebAPI)' 
2026-04-15 10:29:59.0551|INFO|Microsoft.AspNetCore.Mvc.Infrastructure.ControllerActionInvoker|Route matched with {action = "Login", controller = "Auth"}. Executing controller action with signature System.Threading.Tasks.Task`1[Microsoft.AspNetCore.Mvc.ActionResult`1[Hichain.Common.Models.ApiResponse`1[Hichain.WebAPI.Controllers.AuthResponse]]] Login(Hichain.WebAPI.Controllers.LoginRequest) on controller Hichain.WebAPI.Controllers.AuthController (Hichain.WebAPI). 
2026-04-15 10:29:59.9863|INFO|Microsoft.AspNetCore.Mvc.Infrastructure.ObjectResultExecutor|Executing OkObjectResult, writing value of type 'Hichain.Common.Models.ApiResponse`1[[Hichain.WebAPI.Controllers.AuthResponse, Hichain.WebAPI, Version=1.0.0.0, Culture=neutral, PublicKeyToken=null]]'. 
2026-04-15 10:29:59.9996|INFO|Microsoft.AspNetCore.Mvc.Infrastructure.ControllerActionInvoker|Executed action Hichain.WebAPI.Controllers.AuthController.Login (Hichain.WebAPI) in 938.7513ms 
2026-04-15 10:29:59.9996|INFO|Microsoft.AspNetCore.Routing.EndpointMiddleware|Executed endpoint 'Hichain.WebAPI.Controllers.AuthController.Login (Hichain.WebAPI)' 
2026-04-15 10:29:59.9996|INFO|Microsoft.AspNetCore.Hosting.Diagnostics|Request finished HTTP/1.1 POST http://localhost:5903/api/auth/login - 200 - application/json;+charset=utf-8 1089.8659ms 
2026-04-15 10:30:39.3916|INFO|Microsoft.AspNetCore.Hosting.Diagnostics|Request starting HTTP/1.1 POST http://localhost:5903/api/Users/Create - application/json 266 
2026-04-15 10:30:39.4740|INFO|Microsoft.AspNetCore.Routing.EndpointMiddleware|Executing endpoint 'Hichain.WebAPI.Controllers.UsersController.Create (Hichain.WebAPI)' 
2026-04-15 10:30:39.4740|INFO|Microsoft.AspNetCore.Mvc.Infrastructure.ControllerActionInvoker|Route matched with {action = "Create", controller = "Users"}. Executing controller action with signature System.Threading.Tasks.Task`1[Microsoft.AspNetCore.Mvc.ActionResult`1[Hichain.Common.Models.ApiResponse`1[Hichain.Entity.Entities.User]]] Create(Hichain.Entity.Entities.User) on controller Hichain.WebAPI.Controllers.UsersController (Hichain.WebAPI). 
2026-04-15 10:30:42.1752|INFO|Microsoft.AspNetCore.Mvc.Infrastructure.ObjectResultExecutor|Executing OkObjectResult, writing value of type 'Hichain.Common.Models.ApiResponse`1[[Hichain.Entity.Entities.User, Hichain.Entity, Version=1.0.0.0, Culture=neutral, PublicKeyToken=null]]'. 
2026-04-15 10:30:42.1855|INFO|Microsoft.AspNetCore.Mvc.Infrastructure.ControllerActionInvoker|Executed action Hichain.WebAPI.Controllers.UsersController.Create (Hichain.WebAPI) in 2704.2315ms 
2026-04-15 10:30:42.1855|INFO|Microsoft.AspNetCore.Routing.EndpointMiddleware|Executed endpoint 'Hichain.WebAPI.Controllers.UsersController.Create (Hichain.WebAPI)' 
2026-04-15 10:30:42.1855|INFO|Microsoft.AspNetCore.Hosting.Diagnostics|Request finished HTTP/1.1 POST http://localhost:5903/api/Users/Create - 200 - application/json;+charset=utf-8 2801.7744ms 
2026-04-15 10:32:24.7641|INFO|Program|Hichain.WebAPI starting up. 
2026-04-15 10:32:25.5289|INFO|Microsoft.AspNetCore.DataProtection.KeyManagement.XmlKeyManager|User profile is available. Using 'C:\Users\admin\AppData\Local\ASP.NET\DataProtection-Keys' as key repository and Windows DPAPI to encrypt keys at rest. 
2026-04-15 10:32:26.1046|INFO|Microsoft.Hosting.Lifetime|Now listening on: http://[::]:5903 
2026-04-15 10:32:26.2434|INFO|Microsoft.Hosting.Lifetime|Application started. Press Ctrl+C to shut down. 
2026-04-15 10:32:26.2434|INFO|Microsoft.Hosting.Lifetime|Hosting environment: Development 
2026-04-15 10:32:26.2434|INFO|Microsoft.Hosting.Lifetime|Content root path: D:\test_trae\trae3\Hichain.WebAPI 
2026-04-15 10:34:50.5385|INFO|Microsoft.AspNetCore.Hosting.Diagnostics|Request starting HTTP/1.1 POST http://localhost:5903/api/Users/Create - application/json 266 
2026-04-15 10:34:50.7260|INFO|Microsoft.AspNetCore.Routing.EndpointMiddleware|Executing endpoint 'Hichain.WebAPI.Controllers.UsersController.Create (Hichain.WebAPI)' 
2026-04-15 10:34:50.7481|INFO|Microsoft.AspNetCore.Mvc.Infrastructure.ControllerActionInvoker|Route matched with {action = "Create", controller = "Users"}. Executing controller action with signature System.Threading.Tasks.Task`1[Microsoft.AspNetCore.Mvc.ActionResult`1[Hichain.Common.Models.ApiResponse`1[Hichain.Entity.Entities.User]]] Create(Hichain.Entity.Entities.User) on controller Hichain.WebAPI.Controllers.UsersController (Hichain.WebAPI). 
2026-04-15 10:34:54.8150|INFO|Microsoft.AspNetCore.Mvc.Infrastructure.ObjectResultExecutor|Executing OkObjectResult, writing value of type 'Hichain.Common.Models.ApiResponse`1[[Hichain.Entity.Entities.User, Hichain.Entity, Version=1.0.0.0, Culture=neutral, PublicKeyToken=null]]'. 
2026-04-15 10:34:54.8357|INFO|Microsoft.AspNetCore.Mvc.Infrastructure.ControllerActionInvoker|Executed action Hichain.WebAPI.Controllers.UsersController.Create (Hichain.WebAPI) in 4080.3468ms 
2026-04-15 10:34:54.8357|INFO|Microsoft.AspNetCore.Routing.EndpointMiddleware|Executed endpoint 'Hichain.WebAPI.Controllers.UsersController.Create (Hichain.WebAPI)' 
2026-04-15 10:34:54.8442|INFO|Microsoft.AspNetCore.Hosting.Diagnostics|Request finished HTTP/1.1 POST http://localhost:5903/api/Users/Create - 200 - application/json;+charset=utf-8 4315.1834ms 
2026-04-15 16:45:07.3649|INFO|Program|Hichain.WebAPI starting up. 
2026-04-15 16:45:08.8307|INFO|Microsoft.AspNetCore.DataProtection.KeyManagement.XmlKeyManager|User profile is available. Using 'C:\Users\admin\AppData\Local\ASP.NET\DataProtection-Keys' as key repository and Windows DPAPI to encrypt keys at rest. 
2026-04-15 16:45:10.1570|INFO|Microsoft.Hosting.Lifetime|Now listening on: http://[::]:5903 
2026-04-15 16:45:10.5879|INFO|Microsoft.Hosting.Lifetime|Application started. Press Ctrl+C to shut down. 
2026-04-15 16:45:10.6041|INFO|Microsoft.Hosting.Lifetime|Hosting environment: Development 
2026-04-15 16:45:10.6104|INFO|Microsoft.Hosting.Lifetime|Content root path: D:\test_trae\trae3\Hichain.WebAPI 
2026-04-15 16:54:16.6538|INFO|Microsoft.AspNetCore.Hosting.Diagnostics|Request starting HTTP/1.1 POST http://localhost:5903/api/auth/login - application/json 54 
2026-04-15 16:54:16.8859|INFO|Microsoft.AspNetCore.Routing.EndpointMiddleware|Executing endpoint 'Hichain.WebAPI.Controllers.AuthController.Login (Hichain.WebAPI)' 
2026-04-15 16:54:16.9302|INFO|Microsoft.AspNetCore.Mvc.Infrastructure.ControllerActionInvoker|Route matched with {action = "Login", controller = "Auth"}. Executing controller action with signature System.Threading.Tasks.Task`1[Microsoft.AspNetCore.Mvc.ActionResult`1[Hichain.Common.Models.ApiResponse`1[Hichain.WebAPI.Controllers.AuthResponse]]] Login(Hichain.WebAPI.Controllers.LoginRequest) on controller Hichain.WebAPI.Controllers.AuthController (Hichain.WebAPI). 
2026-04-15 16:54:18.1722|INFO|Microsoft.AspNetCore.Mvc.Infrastructure.ObjectResultExecutor|Executing OkObjectResult, writing value of type 'Hichain.Common.Models.ApiResponse`1[[Hichain.WebAPI.Controllers.AuthResponse, Hichain.WebAPI, Version=1.0.0.0, Culture=neutral, PublicKeyToken=null]]'. 
2026-04-15 16:54:18.2114|INFO|Microsoft.AspNetCore.Mvc.Infrastructure.ControllerActionInvoker|Executed action Hichain.WebAPI.Controllers.AuthController.Login (Hichain.WebAPI) in 1266.3979ms 
2026-04-15 16:54:18.2114|INFO|Microsoft.AspNetCore.Routing.EndpointMiddleware|Executed endpoint 'Hichain.WebAPI.Controllers.AuthController.Login (Hichain.WebAPI)' 
2026-04-15 16:54:18.2267|INFO|Microsoft.AspNetCore.Hosting.Diagnostics|Request finished HTTP/1.1 POST http://localhost:5903/api/auth/login - 200 - application/json;+charset=utf-8 1586.0666ms 
